nohup: 忽略输入
train epoch samples 31744
Class 0: Precision=0.6003, Recall=0.8678, F1=0.7097
Class 1: Precision=0.5631, Recall=0.7264, F1=0.6345
Class 2: Precision=0.6006, Recall=0.6486, F1=0.6236
Class 3: Precision=0.6354, Recall=0.7500, F1=0.6880
Class 4: Precision=0.6647, Recall=0.4992, F1=0.5702
{'eval_loss': 0.7449744939804077, 'eval_epoch samples': 7808, 'eval_5-label-accuracy': 0.623719262295082, 'eval_binary_accuracy': 0.623719262295082, 'eval_precision': 0.6128297473917856, 'eval_micro_precision': 0.623719262295082, 'eval_recall': 0.6984118852459016, 'eval_micro_recall': 0.623719262295082, 'eval_f1': 0.645192213361523, 'eval_micro_f1': 0.623719262295082, 'eval_runtime': 9.0923, 'eval_samples_per_second': 858.746, 'eval_steps_per_second': 4.509, 'epoch': 1.0}
Class 0: Precision=0.6809, Recall=0.6557, F1=0.6681
Class 1: Precision=0.6397, Recall=0.6895, F1=0.6637
Class 2: Precision=0.7015, Recall=0.6260, F1=0.6616
Class 3: Precision=0.7771, Recall=0.5215, F1=0.6242
Class 4: Precision=0.6571, Recall=0.7221, F1=0.6881
{'eval_loss': 0.6167575716972351, 'eval_epoch samples': 7808, 'eval_5-label-accuracy': 0.6726434426229508, 'eval_binary_accuracy': 0.6726434426229508, 'eval_precision': 0.6912572470396363, 'eval_micro_precision': 0.6726434426229508, 'eval_recall': 0.6429815573770492, 'eval_micro_recall': 0.6726434426229508, 'eval_f1': 0.6611202730786327, 'eval_micro_f1': 0.6726434426229508, 'eval_runtime': 9.0455, 'eval_samples_per_second': 863.193, 'eval_steps_per_second': 4.533, 'epoch': 2.0}
Class 0: Precision=0.6859, Recall=0.7070, F1=0.6963
Class 1: Precision=0.7355, Recall=0.5584, F1=0.6348
Class 2: Precision=0.7055, Recall=0.7141, F1=0.7098
Class 3: Precision=0.7509, Recall=0.6332, F1=0.6870
Class 4: Precision=0.6814, Recall=0.7418, F1=0.7103
{'eval_loss': 0.5821735858917236, 'eval_epoch samples': 7808, 'eval_5-label-accuracy': 0.6974897540983607, 'eval_binary_accuracy': 0.6974897540983607, 'eval_precision': 0.7118331842637342, 'eval_micro_precision': 0.6974897540983607, 'eval_recall': 0.6709016393442623, 'eval_micro_recall': 0.6974897540983607, 'eval_f1': 0.687649026830595, 'eval_micro_f1': 0.6974897540983607, 'eval_runtime': 9.05, 'eval_samples_per_second': 862.766, 'eval_steps_per_second': 4.53, 'epoch': 3.0}
{'loss': 2.1092, 'learning_rate': 5e-05, 'epoch': 3.01}
Class 0: Precision=0.7526, Recall=0.6793, F1=0.7141
Class 1: Precision=0.7506, Recall=0.6691, F1=0.7075
Class 2: Precision=0.7714, Recall=0.6291, F1=0.6930
Class 3: Precision=0.8207, Recall=0.5441, F1=0.6543
Class 4: Precision=0.6873, Recall=0.8122, F1=0.7445
{'eval_loss': 0.5517463088035583, 'eval_epoch samples': 7808, 'eval_5-label-accuracy': 0.7213114754098361, 'eval_binary_accuracy': 0.7213114754098361, 'eval_precision': 0.7564905126291512, 'eval_micro_precision': 0.7213114754098361, 'eval_recall': 0.6667520491803278, 'eval_micro_recall': 0.7213114754098361, 'eval_f1': 0.7026835174859187, 'eval_micro_f1': 0.7213114754098361, 'eval_runtime': 9.0509, 'eval_samples_per_second': 862.675, 'eval_steps_per_second': 4.53, 'epoch': 4.0}
Class 0: Precision=0.6598, Recall=0.8586, F1=0.7462
Class 1: Precision=0.7236, Recall=0.7510, F1=0.7371
Class 2: Precision=0.7995, Recall=0.6537, F1=0.7193
Class 3: Precision=0.7872, Recall=0.6404, F1=0.7062
Class 4: Precision=0.7279, Recall=0.7334, F1=0.7306
{'eval_loss': 0.5501552820205688, 'eval_epoch samples': 7808, 'eval_5-label-accuracy': 0.7296362704918032, 'eval_binary_accuracy': 0.7296362704918032, 'eval_precision': 0.7396062504463103, 'eval_micro_precision': 0.7296362704918032, 'eval_recall': 0.727407786885246, 'eval_micro_recall': 0.7296362704918032, 'eval_f1': 0.7278798338665106, 'eval_micro_f1': 0.7296362704918032, 'eval_runtime': 9.0883, 'eval_samples_per_second': 859.126, 'eval_steps_per_second': 4.511, 'epoch': 5.0}
Class 0: Precision=0.7405, Recall=0.7572, F1=0.7487
Class 1: Precision=0.7339, Recall=0.7459, F1=0.7398
Class 2: Precision=0.7538, Recall=0.7684, F1=0.7610
Class 3: Precision=0.7877, Recall=0.6691, F1=0.7235
Class 4: Precision=0.7411, Recall=0.7582, F1=0.7496
{'eval_loss': 0.5231298208236694, 'eval_epoch samples': 7808, 'eval_5-label-accuracy': 0.7466700819672131, 'eval_binary_accuracy': 0.7466700819672131, 'eval_precision': 0.7513856921377006, 'eval_micro_precision': 0.7466700819672131, 'eval_recall': 0.7397540983606558, 'eval_micro_recall': 0.7466700819672131, 'eval_f1': 0.7445416996317009, 'eval_micro_f1': 0.7466700819672131, 'eval_runtime': 9.0712, 'eval_samples_per_second': 860.751, 'eval_steps_per_second': 4.52, 'epoch': 6.0}
{'loss': 0.4854, 'learning_rate': 4.4419642857142854e-05, 'epoch': 6.02}
Class 0: Precision=0.7625, Recall=0.7039, F1=0.7320
Class 1: Precision=0.7171, Recall=0.7715, F1=0.7433
Class 2: Precision=0.7420, Recall=0.7633, F1=0.7525
Class 3: Precision=0.7605, Recall=0.7254, F1=0.7425
Class 4: Precision=0.7422, Recall=0.7456, F1=0.7439
{'eval_loss': 0.5708879828453064, 'eval_epoch samples': 7808, 'eval_5-label-accuracy': 0.7433401639344263, 'eval_binary_accuracy': 0.7433401639344263, 'eval_precision': 0.7448713643412944, 'eval_micro_precision': 0.7433401639344263, 'eval_recall': 0.7419569672131148, 'eval_micro_recall': 0.7433401639344263, 'eval_f1': 0.7428678148450235, 'eval_micro_f1': 0.7433401639344263, 'eval_runtime': 9.0612, 'eval_samples_per_second': 861.693, 'eval_steps_per_second': 4.525, 'epoch': 7.0}
Class 0: Precision=0.7633, Recall=0.6773, F1=0.7177
Class 1: Precision=0.7656, Recall=0.6527, F1=0.7046
Class 2: Precision=0.7845, Recall=0.6865, F1=0.7322
Class 3: Precision=0.8392, Recall=0.5830, F1=0.6880
Class 4: Precision=0.7014, Recall=0.8225, F1=0.7571
{'eval_loss': 0.6780433654785156, 'eval_epoch samples': 7808, 'eval_5-label-accuracy': 0.7361680327868853, 'eval_binary_accuracy': 0.7361680327868853, 'eval_precision': 0.7708157599982627, 'eval_micro_precision': 0.7361680327868853, 'eval_recall': 0.684375, 'eval_micro_recall': 0.7361680327868853, 'eval_f1': 0.7199492762607107, 'eval_micro_f1': 0.7361680327868853, 'eval_runtime': 9.0683, 'eval_samples_per_second': 861.022, 'eval_steps_per_second': 4.521, 'epoch': 8.0}
Class 0: Precision=0.7376, Recall=0.7316, F1=0.7346
Class 1: Precision=0.6995, Recall=0.7848, F1=0.7397
Class 2: Precision=0.7680, Recall=0.7223, F1=0.7445
Class 3: Precision=0.7330, Recall=0.7848, F1=0.7580
Class 4: Precision=0.7480, Recall=0.7246, F1=0.7361
{'eval_loss': 0.6945866942405701, 'eval_epoch samples': 7808, 'eval_5-label-accuracy': 0.7402663934426229, 'eval_binary_accuracy': 0.7402663934426229, 'eval_precision': 0.7372303634640093, 'eval_micro_precision': 0.7402663934426229, 'eval_recall': 0.749641393442623, 'eval_micro_recall': 0.7402663934426229, 'eval_f1': 0.7425895093582058, 'eval_micro_f1': 0.7402663934426229, 'eval_runtime': 9.0952, 'eval_samples_per_second': 858.477, 'eval_steps_per_second': 4.508, 'epoch': 9.0}
{'loss': 0.3197, 'learning_rate': 3.883928571428572e-05, 'epoch': 9.04}
Class 0: Precision=0.7028, Recall=0.7582, F1=0.7294
Class 1: Precision=0.7196, Recall=0.7520, F1=0.7355
Class 2: Precision=0.7338, Recall=0.7910, F1=0.7613
Class 3: Precision=0.8131, Recall=0.6240, F1=0.7061
Class 4: Precision=0.7334, Recall=0.7390, F1=0.7362
{'eval_loss': 0.8276301026344299, 'eval_epoch samples': 7808, 'eval_5-label-accuracy': 0.7351434426229508, 'eval_binary_accuracy': 0.7351434426229508, 'eval_precision': 0.7405273150340582, 'eval_micro_precision': 0.7351434426229508, 'eval_recall': 0.7328381147540984, 'eval_micro_recall': 0.7351434426229508, 'eval_f1': 0.7336959331003463, 'eval_micro_f1': 0.7351434426229508, 'eval_runtime': 9.5299, 'eval_samples_per_second': 819.319, 'eval_steps_per_second': 4.302, 'epoch': 10.0}
Class 0: Precision=0.6767, Recall=0.8279, F1=0.7447
Class 1: Precision=0.6899, Recall=0.8115, F1=0.7458
Class 2: Precision=0.7097, Recall=0.8217, F1=0.7616
Class 3: Precision=0.7490, Recall=0.7766, F1=0.7626
Class 4: Precision=0.7762, Recall=0.6609, F1=0.7139
{'eval_loss': 0.8467246294021606, 'eval_epoch samples': 7808, 'eval_5-label-accuracy': 0.7351434426229508, 'eval_binary_accuracy': 0.7351434426229508, 'eval_precision': 0.720306408897325, 'eval_micro_precision': 0.7351434426229508, 'eval_recall': 0.7797131147540984, 'eval_micro_recall': 0.7351434426229508, 'eval_f1': 0.7457124959661869, 'eval_micro_f1': 0.7351434426229508, 'eval_runtime': 9.1192, 'eval_samples_per_second': 856.219, 'eval_steps_per_second': 4.496, 'epoch': 11.0}
Class 0: Precision=0.7120, Recall=0.7449, F1=0.7281
Class 1: Precision=0.7207, Recall=0.7613, F1=0.7404
Class 2: Precision=0.7805, Recall=0.7213, F1=0.7497
Class 3: Precision=0.7376, Recall=0.7459, F1=0.7417
Class 4: Precision=0.7409, Recall=0.7339, F1=0.7374
{'eval_loss': 0.8842090368270874, 'eval_epoch samples': 7808, 'eval_5-label-accuracy': 0.7386014344262295, 'eval_binary_accuracy': 0.7386014344262295, 'eval_precision': 0.738333486088169, 'eval_micro_precision': 0.7386014344262295, 'eval_recall': 0.7414446721311475, 'eval_micro_recall': 0.7386014344262295, 'eval_f1': 0.739462632273389, 'eval_micro_f1': 0.7386014344262295, 'eval_runtime': 9.1166, 'eval_samples_per_second': 856.463, 'eval_steps_per_second': 4.497, 'epoch': 12.0}
{'loss': 0.1864, 'learning_rate': 3.325892857142857e-05, 'epoch': 12.05}
Class 0: Precision=0.7087, Recall=0.7480, F1=0.7278
Class 1: Precision=0.7064, Recall=0.7715, F1=0.7375
Class 2: Precision=0.7395, Recall=0.7910, F1=0.7644
Class 3: Precision=0.7278, Recall=0.7643, F1=0.7456
Class 4: Precision=0.7524, Recall=0.7021, F1=0.7264
{'eval_loss': 0.9513898491859436, 'eval_epoch samples': 7808, 'eval_5-label-accuracy': 0.7353995901639344, 'eval_binary_accuracy': 0.7355276639344263, 'eval_precision': 0.7269574394238554, 'eval_micro_precision': 0.7353995901639344, 'eval_recall': 0.7553790983606558, 'eval_micro_recall': 0.7353995901639344, 'eval_f1': 0.7403387517757326, 'eval_micro_f1': 0.7353995901639344, 'eval_runtime': 9.0817, 'eval_samples_per_second': 859.75, 'eval_steps_per_second': 4.515, 'epoch': 13.0}
Class 0: Precision=0.7182, Recall=0.7336, F1=0.7258
Class 1: Precision=0.7286, Recall=0.7398, F1=0.7341
Class 2: Precision=0.7732, Recall=0.7510, F1=0.7620
Class 3: Precision=0.7854, Recall=0.7387, F1=0.7614
Class 4: Precision=0.7441, Recall=0.7536, F1=0.7488
{'eval_loss': 1.1324052810668945, 'eval_epoch samples': 7808, 'eval_5-label-accuracy': 0.7471823770491803, 'eval_binary_accuracy': 0.7471823770491803, 'eval_precision': 0.7498755858328356, 'eval_micro_precision': 0.7471823770491803, 'eval_recall': 0.7433401639344263, 'eval_micro_recall': 0.7471823770491803, 'eval_f1': 0.7464016157283822, 'eval_micro_f1': 0.7471823770491803, 'eval_runtime': 9.0702, 'eval_samples_per_second': 860.837, 'eval_steps_per_second': 4.52, 'epoch': 14.0}
Class 0: Precision=0.7025, Recall=0.7838, F1=0.7409
Class 1: Precision=0.7368, Recall=0.7316, F1=0.7342
Class 2: Precision=0.7380, Recall=0.7879, F1=0.7621
Class 3: Precision=0.7398, Recall=0.7807, F1=0.7597
Class 4: Precision=0.7569, Recall=0.7131, F1=0.7344
{'eval_loss': 1.0320404767990112, 'eval_epoch samples': 7808, 'eval_5-label-accuracy': 0.7420594262295082, 'eval_binary_accuracy': 0.7420594262295082, 'eval_precision': 0.7348128447888523, 'eval_micro_precision': 0.7420594262295082, 'eval_recall': 0.7594262295081966, 'eval_micro_recall': 0.7420594262295082, 'eval_f1': 0.7462685554995824, 'eval_micro_f1': 0.7420594262295082, 'eval_runtime': 9.5263, 'eval_samples_per_second': 819.629, 'eval_steps_per_second': 4.304, 'epoch': 15.0}
{'loss': 0.1249, 'learning_rate': 2.767857142857143e-05, 'epoch': 15.06}
Class 0: Precision=0.7428, Recall=0.7162, F1=0.7293
Class 1: Precision=0.7665, Recall=0.6793, F1=0.7203
Class 2: Precision=0.7406, Recall=0.8043, F1=0.7711
Class 3: Precision=0.7734, Recall=0.7100, F1=0.7404
Class 4: Precision=0.7373, Recall=0.7641, F1=0.7504
{'eval_loss': 1.226871371269226, 'eval_epoch samples': 7808, 'eval_5-label-accuracy': 0.7457735655737705, 'eval_binary_accuracy': 0.7459016393442623, 'eval_precision': 0.7521151370672602, 'eval_micro_precision': 0.7457735655737705, 'eval_recall': 0.7347848360655738, 'eval_micro_recall': 0.7457735655737705, 'eval_f1': 0.7422939826789318, 'eval_micro_f1': 0.7457735655737705, 'eval_runtime': 9.0595, 'eval_samples_per_second': 861.856, 'eval_steps_per_second': 4.526, 'epoch': 16.0}
Class 0: Precision=0.7274, Recall=0.7326, F1=0.7300
Class 1: Precision=0.7417, Recall=0.7121, F1=0.7266
Class 2: Precision=0.7734, Recall=0.7695, F1=0.7714
Class 3: Precision=0.7698, Recall=0.7264, F1=0.7475
Class 4: Precision=0.7412, Recall=0.7587, F1=0.7499
{'eval_loss': 1.2813786268234253, 'eval_epoch samples': 7808, 'eval_5-label-accuracy': 0.7469262295081968, 'eval_binary_accuracy': 0.7469262295081968, 'eval_precision': 0.7507160488146276, 'eval_micro_precision': 0.7469262295081968, 'eval_recall': 0.7398565573770493, 'eval_micro_recall': 0.7469262295081968, 'eval_f1': 0.7450768801018912, 'eval_micro_f1': 0.7469262295081968, 'eval_runtime': 9.48, 'eval_samples_per_second': 823.626, 'eval_steps_per_second': 4.325, 'epoch': 17.0}
Class 0: Precision=0.7220, Recall=0.7582, F1=0.7396
Class 1: Precision=0.7264, Recall=0.7725, F1=0.7488
Class 2: Precision=0.7724, Recall=0.7408, F1=0.7563
Class 3: Precision=0.7495, Recall=0.7695, F1=0.7594
Class 4: Precision=0.7541, Recall=0.7354, F1=0.7447
{'eval_loss': 1.3203550577163696, 'eval_epoch samples': 7808, 'eval_5-label-accuracy': 0.7478227459016393, 'eval_binary_accuracy': 0.7478227459016393, 'eval_precision': 0.7448844295879381, 'eval_micro_precision': 0.7478227459016393, 'eval_recall': 0.7552766393442623, 'eval_micro_recall': 0.7478227459016393, 'eval_f1': 0.74973368113927, 'eval_micro_f1': 0.7478227459016393, 'eval_runtime': 9.1406, 'eval_samples_per_second': 854.213, 'eval_steps_per_second': 4.485, 'epoch': 18.0}
{'loss': 0.0819, 'learning_rate': 2.2098214285714286e-05, 'epoch': 18.07}
Class 0: Precision=0.7439, Recall=0.6875, F1=0.7146
Class 1: Precision=0.7278, Recall=0.7725, F1=0.7495
Class 2: Precision=0.7490, Recall=0.8043, F1=0.7757
Class 3: Precision=0.7502, Recall=0.7756, F1=0.7627
Class 4: Precision=0.7543, Recall=0.7367, F1=0.7454
{'eval_loss': 1.3280309438705444, 'eval_epoch samples': 7808, 'eval_5-label-accuracy': 0.7483350409836066, 'eval_binary_accuracy': 0.7483350409836066, 'eval_precision': 0.745051394917092, 'eval_micro_precision': 0.7483350409836066, 'eval_recall': 0.7553278688524591, 'eval_micro_recall': 0.7483350409836066, 'eval_f1': 0.7495744889650133, 'eval_micro_f1': 0.7483350409836066, 'eval_runtime': 9.1133, 'eval_samples_per_second': 856.773, 'eval_steps_per_second': 4.499, 'epoch': 19.0}
Class 0: Precision=0.7313, Recall=0.7418, F1=0.7365
Class 1: Precision=0.7532, Recall=0.7254, F1=0.7390
Class 2: Precision=0.7316, Recall=0.8238, F1=0.7749
Class 3: Precision=0.7673, Recall=0.7602, F1=0.7638
Class 4: Precision=0.7571, Recall=0.7392, F1=0.7481
{'eval_loss': 1.5723882913589478, 'eval_epoch samples': 7808, 'eval_5-label-accuracy': 0.7510245901639344, 'eval_binary_accuracy': 0.7510245901639344, 'eval_precision': 0.7480966576709847, 'eval_micro_precision': 0.7510245901639344, 'eval_recall': 0.758094262295082, 'eval_micro_recall': 0.7510245901639344, 'eval_f1': 0.7524647274277031, 'eval_micro_f1': 0.7510245901639344, 'eval_runtime': 9.0716, 'eval_samples_per_second': 860.711, 'eval_steps_per_second': 4.52, 'epoch': 20.0}
Class 0: Precision=0.7272, Recall=0.7428, F1=0.7349
Class 1: Precision=0.7511, Recall=0.7264, F1=0.7385
Class 2: Precision=0.7581, Recall=0.7900, F1=0.7737
Class 3: Precision=0.7824, Recall=0.7182, F1=0.7489
Class 4: Precision=0.7476, Recall=0.7572, F1=0.7524
{'eval_loss': 1.5975419282913208, 'eval_epoch samples': 7808, 'eval_5-label-accuracy': 0.7507684426229508, 'eval_binary_accuracy': 0.7507684426229508, 'eval_precision': 0.7532632804487603, 'eval_micro_precision': 0.7507684426229508, 'eval_recall': 0.7469262295081966, 'eval_micro_recall': 0.7507684426229508, 'eval_f1': 0.7496913993152832, 'eval_micro_f1': 0.7507684426229508, 'eval_runtime': 9.07, 'eval_samples_per_second': 860.856, 'eval_steps_per_second': 4.52, 'epoch': 21.0}
{'loss': 0.0562, 'learning_rate': 1.6517857142857144e-05, 'epoch': 21.08}
Class 0: Precision=0.7175, Recall=0.7520, F1=0.7344
Class 1: Precision=0.7514, Recall=0.6998, F1=0.7247
Class 2: Precision=0.7454, Recall=0.7920, F1=0.7680
Class 3: Precision=0.7654, Recall=0.7387, F1=0.7518
Class 4: Precision=0.7452, Recall=0.7439, F1=0.7445
{'eval_loss': 1.6010349988937378, 'eval_epoch samples': 7808, 'eval_5-label-accuracy': 0.7447489754098361, 'eval_binary_accuracy': 0.7447489754098361, 'eval_precision': 0.7449747121849855, 'eval_micro_precision': 0.7447489754098361, 'eval_recall': 0.7452868852459016, 'eval_micro_recall': 0.7447489754098361, 'eval_f1': 0.7446776635602006, 'eval_micro_f1': 0.7447489754098361, 'eval_runtime': 9.5118, 'eval_samples_per_second': 820.874, 'eval_steps_per_second': 4.31, 'epoch': 22.0}
Class 0: Precision=0.7191, Recall=0.7582, F1=0.7382
Class 1: Precision=0.7246, Recall=0.7602, F1=0.7420
Class 2: Precision=0.7772, Recall=0.7398, F1=0.7580
Class 3: Precision=0.7660, Recall=0.7480, F1=0.7569
Class 4: Precision=0.7495, Recall=0.7436, F1=0.7466
{'eval_loss': 1.6013489961624146, 'eval_epoch samples': 7808, 'eval_5-label-accuracy': 0.7475665983606558, 'eval_binary_accuracy': 0.7475665983606558, 'eval_precision': 0.7472968382970876, 'eval_micro_precision': 0.7475665983606558, 'eval_recall': 0.7499487704918033, 'eval_micro_recall': 0.7475665983606558, 'eval_f1': 0.7483178154187028, 'eval_micro_f1': 0.7475665983606558, 'eval_runtime': 9.0967, 'eval_samples_per_second': 858.33, 'eval_steps_per_second': 4.507, 'epoch': 23.0}
Class 0: Precision=0.7301, Recall=0.7346, F1=0.7324
Class 1: Precision=0.7285, Recall=0.7725, F1=0.7499
Class 2: Precision=0.7670, Recall=0.7725, F1=0.7698
Class 3: Precision=0.7510, Recall=0.7756, F1=0.7631
Class 4: Precision=0.7574, Recall=0.7372, F1=0.7471
{'eval_loss': 1.8315765857696533, 'eval_epoch samples': 7808, 'eval_5-label-accuracy': 0.7505122950819673, 'eval_binary_accuracy': 0.7505122950819673, 'eval_precision': 0.7468090281321997, 'eval_micro_precision': 0.7505122950819673, 'eval_recall': 0.7585040983606557, 'eval_micro_recall': 0.7505122950819673, 'eval_f1': 0.7524570685755236, 'eval_micro_f1': 0.7505122950819673, 'eval_runtime': 9.1484, 'eval_samples_per_second': 853.485, 'eval_steps_per_second': 4.482, 'epoch': 24.0}
{'loss': 0.0394, 'learning_rate': 1.09375e-05, 'epoch': 24.1}
Class 0: Precision=0.7228, Recall=0.7613, F1=0.7415
Class 1: Precision=0.7406, Recall=0.7428, F1=0.7417
Class 2: Precision=0.7552, Recall=0.7838, F1=0.7692
Class 3: Precision=0.7622, Recall=0.7684, F1=0.7653
Class 4: Precision=0.7579, Recall=0.7385, F1=0.7481
{'eval_loss': 2.049802780151367, 'eval_epoch samples': 7808, 'eval_5-label-accuracy': 0.751280737704918, 'eval_binary_accuracy': 0.751280737704918, 'eval_precision': 0.747715682461766, 'eval_micro_precision': 0.751280737704918, 'eval_recall': 0.7589651639344261, 'eval_micro_recall': 0.751280737704918, 'eval_f1': 0.7531591614377312, 'eval_micro_f1': 0.751280737704918, 'eval_runtime': 9.1356, 'eval_samples_per_second': 854.676, 'eval_steps_per_second': 4.488, 'epoch': 25.0}
Class 0: Precision=0.7296, Recall=0.7602, F1=0.7446
Class 1: Precision=0.7319, Recall=0.7664, F1=0.7487
Class 2: Precision=0.7808, Recall=0.7408, F1=0.7603
Class 3: Precision=0.7306, Recall=0.8084, F1=0.7675
Class 4: Precision=0.7603, Recall=0.7328, F1=0.7463
{'eval_loss': 1.9430159330368042, 'eval_epoch samples': 7808, 'eval_5-label-accuracy': 0.7508965163934426, 'eval_binary_accuracy': 0.7508965163934426, 'eval_precision': 0.7466251640913086, 'eval_micro_precision': 0.7508965163934426, 'eval_recall': 0.7617315573770492, 'eval_micro_recall': 0.7508965163934426, 'eval_f1': 0.7534864682646146, 'eval_micro_f1': 0.7508965163934426, 'eval_runtime': 9.1107, 'eval_samples_per_second': 857.014, 'eval_steps_per_second': 4.5, 'epoch': 26.0}
Class 0: Precision=0.7393, Recall=0.7408, F1=0.7400
Class 1: Precision=0.7474, Recall=0.7398, F1=0.7436
Class 2: Precision=0.7590, Recall=0.7746, F1=0.7667
Class 3: Precision=0.7648, Recall=0.7531, F1=0.7589
Class 4: Precision=0.7522, Recall=0.7528, F1=0.7525
{'eval_loss': 2.085603713989258, 'eval_epoch samples': 7808, 'eval_5-label-accuracy': 0.7524334016393442, 'eval_binary_accuracy': 0.7524334016393442, 'eval_precision': 0.7525559660787169, 'eval_micro_precision': 0.7524334016393442, 'eval_recall': 0.7522028688524591, 'eval_micro_recall': 0.7524334016393442, 'eval_f1': 0.7523504193979117, 'eval_micro_f1': 0.7524334016393442, 'eval_runtime': 9.1036, 'eval_samples_per_second': 857.681, 'eval_steps_per_second': 4.504, 'epoch': 27.0}
{'loss': 0.0264, 'learning_rate': 5.357142857142857e-06, 'epoch': 27.11}
Class 0: Precision=0.7262, Recall=0.7336, F1=0.7299
Class 1: Precision=0.7306, Recall=0.7613, F1=0.7456
Class 2: Precision=0.7631, Recall=0.7756, F1=0.7693
Class 3: Precision=0.7565, Recall=0.7736, F1=0.7649
Class 4: Precision=0.7554, Recall=0.7382, F1=0.7467
{'eval_loss': 2.252375602722168, 'eval_epoch samples': 7808, 'eval_5-label-accuracy': 0.7496157786885246, 'eval_binary_accuracy': 0.7496157786885246, 'eval_precision': 0.7463606774756917, 'eval_micro_precision': 0.7496157786885246, 'eval_recall': 0.756454918032787, 'eval_micro_recall': 0.7496157786885246, 'eval_f1': 0.7512918370876996, 'eval_micro_f1': 0.7496157786885246, 'eval_runtime': 9.1789, 'eval_samples_per_second': 850.651, 'eval_steps_per_second': 4.467, 'epoch': 28.0}
Class 0: Precision=0.7299, Recall=0.7449, F1=0.7373
Class 1: Precision=0.7408, Recall=0.7643, F1=0.7524
Class 2: Precision=0.7615, Recall=0.7787, F1=0.7700
Class 3: Precision=0.7543, Recall=0.7613, F1=0.7578
Class 4: Precision=0.7572, Recall=0.7413, F1=0.7492
{'eval_loss': 2.289710760116577, 'eval_epoch samples': 7808, 'eval_5-label-accuracy': 0.7517930327868853, 'eval_binary_accuracy': 0.7517930327868853, 'eval_precision': 0.7487533862573071, 'eval_micro_precision': 0.7517930327868853, 'eval_recall': 0.7580942622950819, 'eval_micro_recall': 0.7517930327868853, 'eval_f1': 0.753332667403803, 'eval_micro_f1': 0.7517930327868853, 'eval_runtime': 9.0956, 'eval_samples_per_second': 858.439, 'eval_steps_per_second': 4.508, 'epoch': 29.0}
Class 0: Precision=0.7320, Recall=0.7500, F1=0.7409
Class 1: Precision=0.7384, Recall=0.7633, F1=0.7506
Class 2: Precision=0.7710, Recall=0.7695, F1=0.7703
Class 3: Precision=0.7563, Recall=0.7664, F1=0.7613
Class 4: Precision=0.7581, Recall=0.7449, F1=0.7514
{'eval_loss': 2.288196086883545, 'eval_epoch samples': 7808, 'eval_5-label-accuracy': 0.7535860655737705, 'eval_binary_accuracy': 0.7535860655737705, 'eval_precision': 0.7511605768100738, 'eval_micro_precision': 0.7535860655737705, 'eval_recall': 0.7588114754098362, 'eval_micro_recall': 0.7535860655737705, 'eval_f1': 0.754904233056842, 'eval_micro_f1': 0.7535860655737705, 'eval_runtime': 9.1273, 'eval_samples_per_second': 855.458, 'eval_steps_per_second': 4.492, 'epoch': 30.0}
{'train_runtime': 2815.1996, 'train_samples_per_second': 338.278, 'train_steps_per_second': 1.769, 'train_loss': 0.3463454518452227, 'epoch': 30.0}
Class 0: Precision=0.7320, Recall=0.7500, F1=0.7409
Class 1: Precision=0.7384, Recall=0.7633, F1=0.7506
Class 2: Precision=0.7710, Recall=0.7695, F1=0.7703
Class 3: Precision=0.7563, Recall=0.7664, F1=0.7613
Class 4: Precision=0.7581, Recall=0.7449, F1=0.7514
{'eval_loss': 2.288196086883545, 'eval_epoch samples': 7808, 'eval_5-label-accuracy': 0.7535860655737705, 'eval_binary_accuracy': 0.7535860655737705, 'eval_precision': 0.7511605768100738, 'eval_micro_precision': 0.7535860655737705, 'eval_recall': 0.7588114754098362, 'eval_micro_recall': 0.7535860655737705, 'eval_f1': 0.754904233056842, 'eval_micro_f1': 0.7535860655737705, 'eval_runtime': 9.0744, 'eval_samples_per_second': 860.447, 'eval_steps_per_second': 4.518, 'epoch': 30.0}
Metrics on Test: {'eval_loss': 2.288196086883545, 'eval_epoch samples': 7808, 'eval_5-label-accuracy': 0.7535860655737705, 'eval_binary_accuracy': 0.7535860655737705, 'eval_precision': 0.7511605768100738, 'eval_micro_precision': 0.7535860655737705, 'eval_recall': 0.7588114754098362, 'eval_micro_recall': 0.7535860655737705, 'eval_f1': 0.754904233056842, 'eval_micro_f1': 0.7535860655737705, 'eval_runtime': 9.0744, 'eval_samples_per_second': 860.447, 'eval_steps_per_second': 4.518, 'epoch': 30.0}
